<?xml version="1.0" encoding="UTF-8"?>
<!-- Generated by org.testng.reporters.JUnitXMLReporter -->
<testsuite hostname="narayankrishna" failures="1" tests="18" name="Default test" time="17.467" errors="0" timestamp="27 Dec 2020 20:09:49 GMT">
  <testcase classname="com.Nagarro.RestApi.Tests.CardTest" name="ValidCreateCard" time="1.857"/>
  <testcase classname="com.Nagarro.RestApi.Tests.EmojiTest" name="ValidGetEmojis" time="1.05"/>
  <testcase classname="com.Nagarro.RestApi.Tests.ListTest" name="ValidCreateList" time="0.927"/>
  <testcase classname="com.Nagarro.RestApi.Tests.SearchTest" name="ValidBoardSearch" time="0.88"/>
  <testcase classname="com.Nagarro.RestApi.Tests.BoardTest" name="ValidCreateBoard" time="1.034"/>
  <testcase classname="com.Nagarro.RestApi.Tests.CardTest" name="ValidGetCard" time="0.961"/>
  <testcase classname="com.Nagarro.RestApi.Tests.ListTest" name="ValidGetList" time="0.954"/>
  <testcase classname="com.Nagarro.RestApi.Tests.SearchTest" name="InvalidBoardSearch" time="0.956"/>
  <testcase classname="com.Nagarro.RestApi.Tests.BoardTest" name="ValidGetBoard" time="0.955"/>
  <testcase classname="com.Nagarro.RestApi.Tests.CardTest" name="InvalidGetCard" time="0.659"/>
  <testcase classname="com.Nagarro.RestApi.Tests.ListTest" name="InvalidGetList" time="0.933"/>
  <testcase classname="com.Nagarro.RestApi.Tests.BoardTest" name="InvalidGetBoard" time="0.948"/>
  <testcase classname="com.Nagarro.RestApi.Tests.CardTest" name="ValidUpdateCard" time="0.969"/>
  <testcase classname="com.Nagarro.RestApi.Tests.ListTest" name="ValidUpdateList" time="0.712"/>
  <testcase classname="com.Nagarro.RestApi.Tests.BoardTest" name="ValidUpdateBoard" time="0.716"/>
  <testcase classname="com.Nagarro.RestApi.Tests.CardTest" name="ValidDeleteCard" time="0.793"/>
  <testcase classname="com.Nagarro.RestApi.Tests.ListTest" name="ValidArchiveList" time="0.964">
    <failure type="java.lang.AssertionError" message="Verify actual StatusCode == expected StatusCode expected [200] but found [400]">
      <![CDATA[java.lang.AssertionError: Verify actual StatusCode == expected StatusCode expected [200] but found [400]
	at org.testng.Assert.fail(Assert.java:94)
	at org.testng.Assert.failNotEquals(Assert.java:494)
	at org.testng.Assert.assertEquals(Assert.java:123)
	at org.testng.Assert.assertEquals(Assert.java:370)
	at com.Nagarro.RestApi.Tests.ListTest.ValidArchiveList(ListTest.java:150)
	at java.base/jdk.internal.reflect.NativeMethodAccessorImpl.invoke0(Native Method)
	at java.base/jdk.internal.reflect.NativeMethodAccessorImpl.invoke(NativeMethodAccessorImpl.java:62)
	at java.base/jdk.internal.reflect.DelegatingMethodAccessorImpl.invoke(DelegatingMethodAccessorImpl.java:43)
	at java.base/java.lang.reflect.Method.invoke(Method.java:564)
	at org.testng.internal.MethodInvocationHelper.invokeMethod(MethodInvocationHelper.java:80)
	at org.testng.internal.Invoker.invokeMethod(Invoker.java:714)
	at org.testng.internal.Invoker.invokeTestMethod(Invoker.java:901)
	at org.testng.internal.Invoker.invokeTestMethods(Invoker.java:1231)
	at org.testng.internal.TestMethodWorker.invokeTestMethods(TestMethodWorker.java:127)
	at org.testng.internal.TestMethodWorker.run(TestMethodWorker.java:111)
	at org.testng.TestRunner.privateRun(TestRunner.java:767)
	at org.testng.TestRunner.run(TestRunner.java:617)
	at org.testng.SuiteRunner.runTest(SuiteRunner.java:334)
	at org.testng.SuiteRunner.runSequentially(SuiteRunner.java:329)
	at org.testng.SuiteRunner.privateRun(SuiteRunner.java:291)
	at org.testng.SuiteRunner.run(SuiteRunner.java:240)
	at org.testng.SuiteRunnerWorker.runSuite(SuiteRunnerWorker.java:52)
	at org.testng.SuiteRunnerWorker.run(SuiteRunnerWorker.java:86)
	at org.testng.TestNG.runSuitesSequentially(TestNG.java:1198)
	at org.testng.TestNG.runSuitesLocally(TestNG.java:1123)
	at org.testng.TestNG.run(TestNG.java:1031)
	at org.testng.remote.AbstractRemoteTestNG.run(AbstractRemoteTestNG.java:115)
	at org.testng.remote.RemoteTestNG.initAndRun(RemoteTestNG.java:251)
	at org.testng.remote.RemoteTestNG.main(RemoteTestNG.java:77)
]]>
    </failure>
  </testcase> <!-- ValidArchiveList -->
  <testcase classname="com.Nagarro.RestApi.Tests.BoardTest" name="ValidDeleteBoard" time="0.957"/>
</testsuite> <!-- Default test -->
